[2021-09-04 08:57:40.998932] Game started
[2021-09-04 08:57:43.101773] sound system initialised
[2021-09-04 08:58:00.108068] Level 3: Preparing
[2021-09-04 08:58:00.930588] level 3: Started
[2021-09-04 08:58:12.037658] shutting down sound system
[2021-09-04 08:58:12.081357] Process quit with exit code 0
[2021-09-04 09:02:53.068229] Game started
[2021-09-04 09:02:53.669494] sound system initialised
[2021-09-04 09:02:54.974621] Level 3: Preparing
[2021-09-04 09:02:55.506860] level 3: Started
[2021-09-04 09:02:58.392882] shutting down sound system
[2021-09-04 09:02:58.504870] Process quit with exit code 0
[2021-09-04 09:03:56.548041] Game started
[2021-09-04 09:03:57.178042] sound system initialised
[2021-09-04 09:04:27.946087] Game started
[2021-09-04 09:04:28.584202] sound system initialised
[2021-09-04 09:04:35.418267] shutting down sound system
[2021-09-04 09:04:35.495784] Process quit with exit code 0
[2021-09-04 09:04:46.915938] Game started
[2021-09-04 09:04:47.599108] sound system initialised
[2021-09-04 09:04:56.517156] shutting down sound system
[2021-09-04 09:04:56.593150] Process quit with exit code 0
[2021-09-04 09:07:28.909988] Game started
[2021-09-04 09:07:29.473721] sound system initialised
[2021-09-04 09:08:29.659902] Game started
[2021-09-04 09:08:30.271150] sound system initialised
[2021-09-04 09:09:05.496428] Game started
[2021-09-04 09:09:06.022874] sound system initialised
[2021-09-04 09:19:40.390505] Game started
[2021-09-04 09:19:41.056889] sound system initialised
[2021-09-04 09:19:46.408884] shutting down sound system
[2021-09-04 09:19:46.494426] Process quit with exit code 0
[2021-09-04 09:19:52.809330] Game started
[2021-09-04 09:19:53.380356] sound system initialised
[2021-09-04 09:20:03.155779] shutting down sound system
[2021-09-04 09:20:03.306603] Process quit with exit code 0
[2021-09-04 09:20:25.131014] Game started
[2021-09-04 09:20:25.771139] sound system initialised
[2021-09-04 09:20:33.206789] shutting down sound system
[2021-09-04 09:20:33.311790] Process quit with exit code 0
[2021-09-04 09:21:26.603998] Game started
[2021-09-04 09:21:27.179115] sound system initialised
[2021-09-04 09:21:44.222327] Game started
[2021-09-04 09:21:44.874505] sound system initialised
[2021-09-04 09:22:14.358527] Game started
[2021-09-04 09:22:14.899622] sound system initialised
[2021-09-04 09:22:31.114839] Game started
[2021-09-04 09:22:31.640089] sound system initialised
[2021-09-04 09:22:53.715322] Game started
[2021-09-04 09:22:54.250845] sound system initialised
[2021-09-04 09:23:05.491642] Game started
[2021-09-04 09:23:06.021418] sound system initialised
[2021-09-04 09:23:08.631030] shutting down sound system
[2021-09-04 09:23:08.698553] Process quit with exit code 0
[2021-09-04 09:23:24.915069] Game started
[2021-09-04 09:23:25.429757] sound system initialised
[2021-09-04 09:23:44.648986] Game started
[2021-09-04 09:23:45.117885] sound system initialised
[2021-09-04 09:23:57.182987] shutting down sound system
[2021-09-04 09:23:57.256990] Process quit with exit code 0
[2021-09-04 09:24:09.929708] Game started
[2021-09-04 09:24:10.539828] sound system initialised
[2021-09-04 09:24:19.778330] Level 3: Preparing
[2021-09-04 09:24:20.246328] level 3: Started
[2021-09-04 09:31:07.088666] Game started
[2021-09-04 09:31:07.725290] sound system initialised
[2021-09-04 09:32:51.842007] Game started
[2021-09-04 09:32:52.381740] sound system initialised
[2021-09-04 09:34:13.208105] Game started
[2021-09-04 09:34:13.754906] sound system initialised
[2021-09-04 09:35:09.212542] Game started
[2021-09-04 09:35:09.765797] sound system initialised
[2021-09-04 09:38:31.141294] Game started
[2021-09-04 09:38:31.738632] sound system initialised
[2021-09-04 09:39:17.120646] Game started
[2021-09-04 09:39:17.787478] sound system initialised
[2021-09-04 09:39:56.929028] Game started
[2021-09-04 09:39:57.492291] sound system initialised
[2021-09-04 09:41:23.114088] Game started
[2021-09-04 09:41:23.802388] sound system initialised
[2021-09-04 09:44:22.051219] Game started
[2021-09-04 09:44:22.714702] sound system initialised
[2021-09-04 09:44:24.599430] shutting down sound system
[2021-09-04 09:44:24.680430] Process quit with exit code 0
[2021-09-04 09:48:06.746333] Game started
[2021-09-04 09:48:07.421596] sound system initialised
[2021-09-04 09:48:27.227634] Game started
[2021-09-04 09:48:27.862208] sound system initialised
[2021-09-04 09:48:36.649352] shutting down sound system
[2021-09-04 09:48:36.690331] Process quit with exit code 0
[2021-09-04 09:48:41.058218] Game started
[2021-09-04 09:48:41.607254] sound system initialised
[2021-09-04 09:48:46.812759] shutting down sound system
[2021-09-04 09:48:46.851283] Process quit with exit code 0
[2021-09-04 09:49:40.674866] Game started
[2021-09-04 09:49:41.296952] sound system initialised
[2021-09-04 09:49:51.253514] shutting down sound system
[2021-09-04 09:49:51.326514] Process quit with exit code 0
[2021-09-04 09:49:59.521585] Game started
[2021-09-04 09:50:00.122163] sound system initialised
[2021-09-04 09:50:08.497328] Level 3: Preparing
[2021-09-04 09:50:08.618328] level 3: Started
[2021-09-04 09:50:15.594278] shutting down sound system
[2021-09-04 09:50:15.668277] Process quit with exit code 0
[2021-09-04 09:51:39.105677] Game started
[2021-09-04 09:51:39.744291] sound system initialised
[2021-09-04 09:51:44.147624] shutting down sound system
[2021-09-04 09:51:44.217610] Process quit with exit code 0
[2021-09-04 09:51:46.682276] Game started
[2021-09-04 09:51:47.199610] sound system initialised
[2021-09-04 09:51:48.792725] Level 3: Preparing
[2021-09-04 09:51:48.987731] level 3: Started
[2021-09-04 09:52:41.829886] Game started
[2021-09-04 09:52:42.493154] sound system initialised
[2021-09-04 09:52:44.096637] Level 3: Preparing
[2021-09-04 09:52:44.313700] level 3: Started
[2021-09-04 09:54:34.108482] Game started
[2021-09-04 09:54:34.668743] sound system initialised
[2021-09-04 09:54:48.606688] shutting down sound system
[2021-09-04 09:54:48.656665] Process quit with exit code 0
[2021-09-04 09:56:59.288842] Game started
[2021-09-04 09:56:59.796506] sound system initialised
[2021-09-04 09:58:48.689141] Game started
[2021-09-04 09:58:49.252650] sound system initialised
[2021-09-04 09:58:54.724043] shutting down sound system
[2021-09-04 09:58:54.812049] Process quit with exit code 0
[2021-09-04 09:58:57.598453] Game started
[2021-09-04 09:58:57.995995] sound system initialised
[2021-09-04 09:58:59.410082] Level 3: Preparing
[2021-09-04 09:58:59.857727] level 3: Started
[2021-09-04 09:59:08.152221] shutting down sound system
[2021-09-04 09:59:08.226221] Process quit with exit code 0
[2021-09-04 10:01:57.195705] Game started
[2021-09-04 10:01:57.718634] sound system initialised
[2021-09-04 10:01:59.024986] Level 3: Preparing
[2021-09-04 10:01:59.540984] level 3: Started
[2021-09-04 10:02:19.509244] Game started
[2021-09-04 10:02:20.027068] sound system initialised
[2021-09-04 10:02:21.382809] Level 3: Preparing
[2021-09-04 10:02:21.772809] level 3: Started
[2021-09-04 10:05:47.185590] Game started
[2021-09-04 10:05:47.697178] sound system initialised
[2021-09-04 10:05:49.046305] Level 3: Preparing
[2021-09-04 10:05:49.548241] level 3: Started
[2021-09-04 10:05:57.912920] Level 4: Preparing
[2021-09-04 10:05:57.954928] level 4: Started
[2021-09-04 10:07:32.703510] Game started
[2021-09-04 10:07:33.229141] sound system initialised
[2021-09-04 10:07:34.849665] Level 4: Preparing
[2021-09-04 10:07:35.377671] level 4: Started
[2021-09-04 10:07:52.519227] Level 4: Preparing
[2021-09-04 10:07:52.551228] level 4: Started
[2021-09-04 10:08:03.254672] Level 4: Preparing
[2021-09-04 10:08:03.339672] level 4: Started
[2021-09-04 10:08:19.267115] shutting down sound system
[2021-09-04 10:08:19.332642] Process quit with exit code 0
[2021-09-04 10:23:08.812352] Game started
[2021-09-04 10:23:09.388899] sound system initialised
[2021-09-04 10:23:10.613765] Level 5: Preparing
[2021-09-04 10:23:11.089783] Level 5 Started
[2021-09-04 10:23:28.237184] Game started
[2021-09-04 10:23:28.788718] sound system initialised
[2021-09-04 10:23:29.824429] Level 5: Preparing
[2021-09-04 10:23:30.313069] Level 5 Started
[2021-09-04 10:23:40.197575] Level 5: Preparing
[2021-09-04 10:23:40.253572] Level 5 Started
[2021-09-04 10:27:11.239751] Game started
[2021-09-04 10:27:11.791220] sound system initialised
[2021-09-04 10:27:12.882585] Level 5: Preparing
[2021-09-04 10:27:13.393111] Level 5 Started
[2021-09-04 10:27:27.369633] Game started
[2021-09-04 10:27:27.921966] sound system initialised
[2021-09-04 10:27:28.987383] Level 5: Preparing
[2021-09-04 10:27:29.391917] Level 5 Started
[2021-09-04 10:28:24.355843] Game started
[2021-09-04 10:28:24.892392] sound system initialised
[2021-09-04 10:28:25.814210] Level 5: Preparing
[2021-09-04 10:28:26.359846] Level 5 Started
[2021-09-04 10:28:43.813320] Game started
[2021-09-04 10:28:44.336360] sound system initialised
[2021-09-04 10:28:46.388235] Level 5: Preparing
[2021-09-04 10:28:46.823303] Level 5 Started
[2021-09-04 10:29:00.221128] Game started
[2021-09-04 10:29:00.718454] sound system initialised
[2021-09-04 10:29:05.021663] Level 5: Preparing
[2021-09-04 10:29:05.437656] Level 5 Started
[2021-09-04 10:29:35.496796] shutting down sound system
[2021-09-04 10:29:35.576328] Process quit with exit code 0
